0 info it worked if it ends with ok
1 verbose cli [ 'node', '/usr/local/bin/npm', 'publish' ]
2 info using npm@1.4.13
3 info using node@v0.10.17
4 verbose publish [ '.' ]
5 verbose cache add [ '.', null ]
6 verbose cache add name=undefined spec="." args=[".",null]
7 verbose parsed url { protocol: null,
7 verbose parsed url   slashes: null,
7 verbose parsed url   auth: null,
7 verbose parsed url   host: null,
7 verbose parsed url   port: null,
7 verbose parsed url   hostname: null,
7 verbose parsed url   hash: null,
7 verbose parsed url   search: null,
7 verbose parsed url   query: null,
7 verbose parsed url   pathname: '.',
7 verbose parsed url   path: '.',
7 verbose parsed url   href: '.' }
8 silly lockFile 3a52ce78- .
9 verbose lock . /Users/somehats/.npm/3a52ce78-.lock
10 verbose tar pack [ '/Users/somehats/.npm/racer-socket.io/0.1.0/package.tgz',
10 verbose tar pack   '.' ]
11 verbose tarball /Users/somehats/.npm/racer-socket.io/0.1.0/package.tgz
12 verbose folder .
13 info prepublish racer-socket.io@0.1.0
14 silly lockFile 1f1177db-tar tar://.
15 verbose lock tar://. /Users/somehats/.npm/1f1177db-tar.lock
16 silly lockFile 53c4a7e5-acer-socket-io-0-1-0-package-tgz tar:///Users/somehats/.npm/racer-socket.io/0.1.0/package.tgz
17 verbose lock tar:///Users/somehats/.npm/racer-socket.io/0.1.0/package.tgz /Users/somehats/.npm/53c4a7e5-acer-socket-io-0-1-0-package-tgz.lock
18 silly lockFile 1f1177db-tar tar://.
19 silly lockFile 1f1177db-tar tar://.
20 silly lockFile 53c4a7e5-acer-socket-io-0-1-0-package-tgz tar:///Users/somehats/.npm/racer-socket.io/0.1.0/package.tgz
21 silly lockFile 53c4a7e5-acer-socket-io-0-1-0-package-tgz tar:///Users/somehats/.npm/racer-socket.io/0.1.0/package.tgz
22 silly lockFile f200bce9-pm-racer-socket-io-0-1-0-package /Users/somehats/.npm/racer-socket.io/0.1.0/package
23 verbose lock /Users/somehats/.npm/racer-socket.io/0.1.0/package /Users/somehats/.npm/f200bce9-pm-racer-socket-io-0-1-0-package.lock
24 silly lockFile f200bce9-pm-racer-socket-io-0-1-0-package /Users/somehats/.npm/racer-socket.io/0.1.0/package
25 silly lockFile f200bce9-pm-racer-socket-io-0-1-0-package /Users/somehats/.npm/racer-socket.io/0.1.0/package
26 silly lockFile 3a52ce78- .
27 silly lockFile 3a52ce78- .
28 silly publish { name: 'racer-socket.io',
28 silly publish   version: '0.1.0',
28 silly publish   description: 'A racer transport based on socket.io.',
28 silly publish   main: 'lib/server.js',
28 silly publish   browser: { main: 'lib/browser.js' },
28 silly publish   scripts: { test: 'mocha' },
28 silly publish   author: { name: 'Joe Dytrych' },
28 silly publish   license: 'MIT',
28 silly publish   dependencies:
28 silly publish    { 'socket.io': '^1.0.6',
28 silly publish      'socket.io-client': '^1.0.6',
28 silly publish      through: '^2.3.4' },
28 silly publish   readme: '# racer-socket.io\nA [Socket.io](http://socket.io/) transport for racer. Socket.io will\nstart a connection with ajax polling, and later upgrade to websockets\nwhere possible.\n\n## Usage\n`racer-socket.io` needs your racer store, as well as your express\n[cookieParser](cookie-parser) and sessionStore (e.g.\n[connect-redis](connect-redis)) in order to fetch your user\'s sessions:\n\n```javascript\nvar racerSocketIo = require(\'racer-socket.io\'),\n  store = racer.createStore(),\n  cookieParser = ...,\n  sessionStore = ...;\n\nvar attach = racerSocketIo(store, {\n  cookieParser: cookieParser,\n  sessionStore: sessionStore\n});\n```\n\nUse the returned `attach` function to attach socket.io to your server:\n\n```javascript\nvar server = http.createServer(expressApp);\nattach(server);\n```\n\n[cookie-parser]: https://github.com/expressjs/cookie-parser\n[connect-redis]: https://github.com/visionmedia/connect-redis\n\n## License\nThe MIT License (MIT)\n\nCopyright (c) 2014 Decoded Ltd.\n\nPermission is hereby granted, free of charge, to any person obtaining a copy\nof this software and associated documentation files (the "Software"), to deal\nin the Software without restriction, including without limitation the rights\nto use, copy, modify, merge, publish, distribute, sublicense, and/or sell\ncopies of the Software, and to permit persons to whom the Software is\nfurnished to do so, subject to the following conditions:\n\nThe above copyright notice and this permission notice shall be included in\nall copies or substantial portions of the Software.\n\nTHE SOFTWARE IS PROVIDED "AS IS", WITHOUT WARRANTY OF ANY KIND, EXPRESS OR\nIMPLIED, INCLUDING BUT NOT LIMITED TO THE WARRANTIES OF MERCHANTABILITY,\nFITNESS FOR A PARTICULAR PURPOSE AND NONINFRINGEMENT. IN NO EVENT SHALL THE\nAUTHORS OR COPYRIGHT HOLDERS BE LIABLE FOR ANY CLAIM, DAMAGES OR OTHER\nLIABILITY, WHETHER IN AN ACTION OF CONTRACT, TORT OR OTHERWISE, ARISING FROM,\nOUT OF OR IN CONNECTION WITH THE SOFTWARE OR THE USE OR OTHER DEALINGS IN\nTHE SOFTWARE.\n\n',
28 silly publish   readmeFilename: 'README.md',
28 silly publish   gitHead: 'a245437f0c0cd667eb621e9ecda871c7a501ead2',
28 silly publish   _id: 'racer-socket.io@0.1.0',
28 silly publish   _shasum: 'a5fbf808e03ec7e3d37116ca71b9321938d3f81b',
28 silly publish   _from: '.' }
29 verbose url raw racer-socket.io
30 verbose url resolving [ 'https://registry.npmjs.org/', './racer-socket.io' ]
31 verbose url resolved https://registry.npmjs.org/racer-socket.io
32 info trying registry request attempt 1 at 17:42:52
33 http PUT https://registry.npmjs.org/racer-socket.io
34 http 403 https://registry.npmjs.org/racer-socket.io
35 verbose headers { date: 'Wed, 27 Aug 2014 16:42:56 GMT',
35 verbose headers   server: 'CouchDB/1.5.0 (Erlang OTP/R14B04)',
35 verbose headers   'content-type': 'application/json',
35 verbose headers   'cache-control': 'max-age=60',
35 verbose headers   'content-length': '84',
35 verbose headers   'accept-ranges': 'bytes',
35 verbose headers   via: '1.1 varnish',
35 verbose headers   'x-served-by': 'cache-lcy1122-LCY',
35 verbose headers   'x-cache': 'MISS',
35 verbose headers   'x-cache-hits': '0',
35 verbose headers   'x-timer': 'S1409157775.413429,VS0,VE612',
35 verbose headers   'keep-alive': 'timeout=10, max=50',
35 verbose headers   connection: 'Keep-Alive' }
36 error publish Failed PUT 403
37 error Error: forbidden Cannot replace previously published version: 0.1.0: racer-socket.io
37 error     at RegClient.<anonymous> (/usr/local/lib/node_modules/npm/node_modules/npm-registry-client/lib/request.js:274:14)
37 error     at Request._callback (/usr/local/lib/node_modules/npm/node_modules/npm-registry-client/lib/request.js:212:65)
37 error     at Request.self.callback (/usr/local/lib/node_modules/npm/node_modules/request/request.js:123:22)
37 error     at Request.EventEmitter.emit (events.js:98:17)
37 error     at Request.<anonymous> (/usr/local/lib/node_modules/npm/node_modules/request/request.js:893:14)
37 error     at Request.EventEmitter.emit (events.js:117:20)
37 error     at IncomingMessage.<anonymous> (/usr/local/lib/node_modules/npm/node_modules/request/request.js:844:12)
37 error     at IncomingMessage.EventEmitter.emit (events.js:117:20)
37 error     at _stream_readable.js:920:16
37 error     at process._tickCallback (node.js:415:13)
38 error If you need help, you may report this *entire* log,
38 error including the npm and node versions, at:
38 error     <http://github.com/npm/npm/issues>
39 error System Darwin 13.3.0
40 error command "node" "/usr/local/bin/npm" "publish"
41 error cwd /Users/somehats/Projects/racer-socket.io
42 error node -v v0.10.17
43 error npm -v 1.4.13
44 verbose exit [ 1, true ]
